This is e-TeX, Version 3.141592-2.2 (MiKTeX 2.4) (preloaded format=latex 2005.11.4)  7 NOV 2006 11:22
entering extended mode
**filter_design.tex
(filter_design.tex
LaTeX2e <2003/12/01>
Babel <v3.8a> and hyphenation patterns for english, french, german, ngerman, dumylang, nohyphenation, loaded.
(C:\texmf\tex\latex\base\article.cls
Document Class: article 2004/02/16 v1.4f Standard LaTeX document class
(C:\texmf\tex\latex\base\size10.clo
File: size10.clo 2004/02/16 v1.4f Standard LaTeX file (size option)
)
\c@part=\count79
\c@section=\count80
\c@subsection=\count81
\c@subsubsection=\count82
\c@paragraph=\count83
\c@subparagraph=\count84
\c@figure=\count85
\c@table=\count86
\abovecaptionskip=\skip41
\belowcaptionskip=\skip42
\bibindent=\dimen102
) (C:\texmf\tex\latex\graphics\graphicx.sty
Package: graphicx 1999/02/16 v1.0f Enhanced LaTeX Graphics (DPC,SPQR)
 (C:\texmf\tex\latex\graphics\keyval.sty
Package: keyval 1999/03/16 v1.13 key=value parser (DPC)
\KV@toks@=\toks14
) (C:\texmf\tex\latex\graphics\graphics.sty
Package: graphics 2001/07/07 v1.0n Standard LaTeX Graphics (DPC,SPQR)
 (C:\texmf\tex\latex\graphics\trig.sty
Package: trig 1999/03/16 v1.09 sin cos tan (DPC)
)
(C:\texmf\tex\latex\00miktex\graphics.cfg
File: graphics.cfg 2003/03/12 v1.1 MiKTeX 'graphics' configuration
)
Package graphics Info: Driver file: dvips.def on input line 80.
 (C:\texmf\tex\latex\graphics\dvips.def
File: dvips.def 1999/02/16 v3.0i Driver-dependant file (DPC,SPQR)
))
\Gin@req@height=\dimen103
\Gin@req@width=\dimen104
) (filter_design.aux)
LaTeX Font Info:    Checking defaults for OML/cmm/m/it on input line 9.
LaTeX Font Info:    ... okay on input line 9.
LaTeX Font Info:    Checking defaults for T1/cmr/m/n on input line 9.
LaTeX Font Info:    ... okay on input line 9.
LaTeX Font Info:    Checking defaults for OT1/cmr/m/n on input line 9.
LaTeX Font Info:    ... okay on input line 9.
LaTeX Font Info:    Checking defaults for OMS/cmsy/m/n on input line 9.
LaTeX Font Info:    ... okay on input line 9.
LaTeX Font Info:    Checking defaults for OMX/cmex/m/n on input line 9.
LaTeX Font Info:    ... okay on input line 9.
LaTeX Font Info:    Checking defaults for U/cmr/m/n on input line 9.
LaTeX Font Info:    ... okay on input line 9.
LaTeX Font Info:    External font `cmex10' loaded for size
(Font)              <12> on input line 15.
LaTeX Font Info:    External font `cmex10' loaded for size
(Font)              <8> on input line 15.
LaTeX Font Info:    External font `cmex10' loaded for size
(Font)              <6> on input line 15.
LaTeX Font Info:    External font `cmex10' loaded for size
(Font)              <7> on input line 22.
LaTeX Font Info:    External font `cmex10' loaded for size
(Font)              <5> on input line 22.
LaTeX Font Info:    Try loading font information for OMS+cmr on input line 31.

(C:\texmf\tex\latex\base\omscmr.fd
File: omscmr.fd 1999/05/25 v2.5h Standard LaTeX font definitions
)
LaTeX Font Info:    Font shape `OMS/cmr/m/n' in size <10> not available
(Font)              Font shape `OMS/cmsy/m/n' tried instead on input line 31.
 [1

] [2]
File: fig1.eps Graphic file (type eps)
 <fig1.eps>
Overfull \hbox (81.79134pt too wide) in paragraph at lines 135--136
[][][] 
 []

File: fig2.eps Graphic file (type eps)
<fig2.eps>
Overfull \hbox (81.79134pt too wide) in paragraph at lines 142--143
[][][] 
 []

File: fig3.eps Graphic file (type eps)
<fig3.eps>
Overfull \hbox (81.79134pt too wide) in paragraph at lines 148--149
[][][] 
 []

[3] [4] [5] [6]
File: fig4.eps Graphic file (type eps)
 <fig4.eps>
Overfull \hbox (81.79134pt too wide) in paragraph at lines 178--179
[][][] 
 []

[7] [8]
File: fig5.eps Graphic file (type eps)
 <fig5.eps>
Overfull \hbox (81.79134pt too wide) in paragraph at lines 251--252
[][][] 
 []

[9] [10]
File: fig6.eps Graphic file (type eps)
 <fig6.eps>
Overfull \hbox (81.79134pt too wide) in paragraph at lines 272--273
[][][] 
 []

[11] (filter_design.aux) ) 
Here is how much of TeX's memory you used:
 648 strings out of 95898
 6685 string characters out of 1195288
 56366 words of memory out of 1055535
 3682 multiletter control sequences out of 35000
 7933 words of font info for 28 fonts, out of 500000 for 1000
 14 hyphenation exceptions out of 607
 25i,12n,19p,533b,246s stack positions out of 1500i,500n,5000p,200000b,32768s

Output written on filter_design.dvi (11 pages, 20576 bytes).
